e:\adv comp graphics\saleem\ray_tracer_kent_p\ray_tracer_kent\raytracer_framework\raytracer\debug\vc142.pdb
e:\adv comp graphics\saleem\ray_tracer_kent_p\ray_tracer_kent\raytracer_framework\raytracer\debug\vc142.idb
e:\adv comp graphics\saleem\ray_tracer_kent_p\ray_tracer_kent\raytracer_framework\raytracer\debug\application.obj
e:\adv comp graphics\saleem\ray_tracer_kent_p\ray_tracer_kent\raytracer_framework\raytracer\debug\math3d.obj
e:\adv comp graphics\saleem\ray_tracer_kent_p\ray_tracer_kent\raytracer_framework\raytracer\debug\imageio.obj
e:\adv comp graphics\saleem\ray_tracer_kent_p\ray_tracer_kent\raytracer_framework\raytracer\debug\main.obj
e:\adv comp graphics\saleem\ray_tracer_kent_p\ray_tracer_kent\raytracer_framework\raytracer\debug\sphere.obj
e:\adv comp graphics\saleem\ray_tracer_kent_p\ray_tracer_kent\raytracer_framework\raytracer\debug\triangle.obj
e:\adv comp graphics\saleem\ray_tracer_kent_p\ray_tracer_kent\raytracer_framework\raytracer\debug\wall.obj
e:\adv comp graphics\saleem\ray_tracer_kent_p\ray_tracer_kent\raytracer_framework\raytracer\debug\ray_tracer.obj
e:\adv comp graphics\saleem\ray_tracer_kent_p\ray_tracer_kent\raytracer_framework\raytracer\debug\light.obj
e:\adv comp graphics\saleem\ray_tracer_kent_p\ray_tracer_kent\raytracer_framework\raytracer\debug\scene.obj
e:\adv comp graphics\saleem\ray_tracer_kent_p\ray_tracer_kent\raytracer_framework\raytracer\debug\view_plane.obj
e:\adv comp graphics\saleem\ray_tracer_kent_p\ray_tracer_kent\raytracer_framework\raytracer\debug\shade.bj
e:\adv comp graphics\saleem\ray_tracer_kent_p\ray_tracer_kent\raytracer_framework\debug\raytracer.exe
e:\adv comp graphics\saleem\ray_tracer_kent_p\ray_tracer_kent\raytracer_framework\raytracer\debug\raytracer.ilk
e:\adv comp graphics\saleem\ray_tracer_kent_p\ray_tracer_kent\raytracer_framework\debug\raytracer.pdb
e:\adv comp graphics\saleem\ray_tracer_kent_p\ray_tracer_kent\raytracer_framework\raytracer\debug\raytracer.tlog\cl.command.1.tlog
e:\adv comp graphics\saleem\ray_tracer_kent_p\ray_tracer_kent\raytracer_framework\raytracer\debug\raytracer.tlog\cl.read.1.tlog
e:\adv comp graphics\saleem\ray_tracer_kent_p\ray_tracer_kent\raytracer_framework\raytracer\debug\raytracer.tlog\cl.write.1.tlog
e:\adv comp graphics\saleem\ray_tracer_kent_p\ray_tracer_kent\raytracer_framework\raytracer\debug\raytracer.tlog\link.command.1.tlog
e:\adv comp graphics\saleem\ray_tracer_kent_p\ray_tracer_kent\raytracer_framework\raytracer\debug\raytracer.tlog\link.read.1.tlog
e:\adv comp graphics\saleem\ray_tracer_kent_p\ray_tracer_kent\raytracer_framework\raytracer\debug\raytracer.tlog\link.write.1.tlog
